/home/llagoeiro/.local/lib/python3.10/site-packages/setuptools/_distutils/dist.py:261: UserWarning: Unknown distribution option: 'tests_require'
  warnings.warn(msg)
running develop
/home/llagoeiro/.local/lib/python3.10/site-packages/setuptools/command/develop.py:41: EasyInstallDeprecationWarning: easy_install command is deprecated.
!!

        ********************************************************************************
        Please avoid running ``setup.py`` and ``easy_install``.
        Instead, use pypa/build, pypa/installer or other
        standards-based tools.

        See https://github.com/pypa/setuptools/issues/917 for details.
        ********************************************************************************

!!
  easy_install.initialize_options(self)
running egg_info
creating navigation_pkg.egg-info
writing navigation_pkg.egg-info/PKG-INFO
writing dependency_links to navigation_pkg.egg-info/dependency_links.txt
writing entry points to navigation_pkg.egg-info/entry_points.txt
writing requirements to navigation_pkg.egg-info/requires.txt
writing top-level names to navigation_pkg.egg-info/top_level.txt
writing manifest file 'navigation_pkg.egg-info/SOURCES.txt'
reading manifest file 'navigation_pkg.egg-info/SOURCES.txt'
writing manifest file 'navigation_pkg.egg-info/SOURCES.txt'
running build_ext
Creating /home/llagoeiro/Desktop/FEI/8_semestre/RoboticaProbFolder/proj3/TurtleBot3/install/navigation_pkg/lib/python3.10/site-packages/navigation-pkg.egg-link (link to .)
Installing checkpoints script to /home/llagoeiro/Desktop/FEI/8_semestre/RoboticaProbFolder/proj3/TurtleBot3/install/navigation_pkg/lib/navigation_pkg

Installed /home/llagoeiro/Desktop/FEI/8_semestre/RoboticaProbFolder/proj3/TurtleBot3/build/navigation_pkg
running symlink_data
creating /home/llagoeiro/Desktop/FEI/8_semestre/RoboticaProbFolder/proj3/TurtleBot3/install/navigation_pkg/share/ament_index/resource_index/packages
symbolically linking /home/llagoeiro/Desktop/FEI/8_semestre/RoboticaProbFolder/proj3/TurtleBot3/build/navigation_pkg/resource/navigation_pkg -> /home/llagoeiro/Desktop/FEI/8_semestre/RoboticaProbFolder/proj3/TurtleBot3/install/navigation_pkg/share/ament_index/resource_index/packages
symbolically linking /home/llagoeiro/Desktop/FEI/8_semestre/RoboticaProbFolder/proj3/TurtleBot3/build/navigation_pkg/package.xml -> /home/llagoeiro/Desktop/FEI/8_semestre/RoboticaProbFolder/proj3/TurtleBot3/install/navigation_pkg/share/navigation_pkg
creating /home/llagoeiro/Desktop/FEI/8_semestre/RoboticaProbFolder/proj3/TurtleBot3/install/navigation_pkg/share/navigation_pkg/launch
symbolically linking /home/llagoeiro/Desktop/FEI/8_semestre/RoboticaProbFolder/proj3/TurtleBot3/build/navigation_pkg/launch/checkpoints.launch.py -> /home/llagoeiro/Desktop/FEI/8_semestre/RoboticaProbFolder/proj3/TurtleBot3/install/navigation_pkg/share/navigation_pkg/launch
creating /home/llagoeiro/Desktop/FEI/8_semestre/RoboticaProbFolder/proj3/TurtleBot3/install/navigation_pkg/share/navigation_pkg/map
symbolically linking /home/llagoeiro/Desktop/FEI/8_semestre/RoboticaProbFolder/proj3/TurtleBot3/build/navigation_pkg/map/checkpoints.json -> /home/llagoeiro/Desktop/FEI/8_semestre/RoboticaProbFolder/proj3/TurtleBot3/install/navigation_pkg/share/navigation_pkg/map
symbolically linking /home/llagoeiro/Desktop/FEI/8_semestre/RoboticaProbFolder/proj3/TurtleBot3/build/navigation_pkg/map/map.pgm -> /home/llagoeiro/Desktop/FEI/8_semestre/RoboticaProbFolder/proj3/TurtleBot3/install/navigation_pkg/share/navigation_pkg/map
symbolically linking /home/llagoeiro/Desktop/FEI/8_semestre/RoboticaProbFolder/proj3/TurtleBot3/build/navigation_pkg/map/map.yaml -> /home/llagoeiro/Desktop/FEI/8_semestre/RoboticaProbFolder/proj3/TurtleBot3/install/navigation_pkg/share/navigation_pkg/map
symbolically linking /home/llagoeiro/Desktop/FEI/8_semestre/RoboticaProbFolder/proj3/TurtleBot3/build/navigation_pkg/map/checkpoints copy.json -> /home/llagoeiro/Desktop/FEI/8_semestre/RoboticaProbFolder/proj3/TurtleBot3/install/navigation_pkg/share/navigation_pkg/map
