[1.168s] Invoking command in '/home/llagoeiro/Desktop/FEI/8_semestre/RoboticaProbFolder/proj3/TurtleBot3/build/navigation_pkg': PYTHONPATH=/home/llagoeiro/Desktop/FEI/8_semestre/RoboticaProbFolder/proj3/TurtleBot3/build/navigation_pkg/prefix_override:/usr/lib/python3/dist-packages/colcon_core/task/python/colcon_distutils_commands:/home/llagoeiro/Desktop/FEI/8_semestre/RoboticaProbFolder/proj3/TurtleBot3/install/navigation_pkg/lib/python3.10/site-packages:${PYTHONPATH} /usr/bin/python3 -W ignore:setup.py install is deprecated setup.py develop --editable --build-directory /home/llagoeiro/Desktop/FEI/8_semestre/RoboticaProbFolder/proj3/TurtleBot3/build/navigation_pkg/build --no-deps symlink_data
[1.344s] /home/llagoeiro/.local/lib/python3.10/site-packages/setuptools/_distutils/dist.py:261: UserWarning: Unknown distribution option: 'tests_require'
[1.344s]   warnings.warn(msg)
[1.541s] running develop
[1.543s] /home/llagoeiro/.local/lib/python3.10/site-packages/setuptools/command/develop.py:41: EasyInstallDeprecationWarning: easy_install command is deprecated.
[1.543s] !!
[1.543s] 
[1.543s]         ********************************************************************************
[1.543s]         Please avoid running ``setup.py`` and ``easy_install``.
[1.543s]         Instead, use pypa/build, pypa/installer or other
[1.543s]         standards-based tools.
[1.543s] 
[1.543s]         See https://github.com/pypa/setuptools/issues/917 for details.
[1.544s]         ********************************************************************************
[1.544s] 
[1.544s] !!
[1.544s]   easy_install.initialize_options(self)
[1.865s] running egg_info
[1.901s] writing navigation_pkg.egg-info/PKG-INFO
[1.901s] writing dependency_links to navigation_pkg.egg-info/dependency_links.txt
[1.902s] writing entry points to navigation_pkg.egg-info/entry_points.txt
[1.902s] writing requirements to navigation_pkg.egg-info/requires.txt
[1.902s] writing top-level names to navigation_pkg.egg-info/top_level.txt
[1.970s] reading manifest file 'navigation_pkg.egg-info/SOURCES.txt'
[1.973s] writing manifest file 'navigation_pkg.egg-info/SOURCES.txt'
[2.010s] running build_ext
[2.010s] Creating /home/llagoeiro/Desktop/FEI/8_semestre/RoboticaProbFolder/proj3/TurtleBot3/install/navigation_pkg/lib/python3.10/site-packages/navigation-pkg.egg-link (link to .)
[2.011s] Installing checkpoints script to /home/llagoeiro/Desktop/FEI/8_semestre/RoboticaProbFolder/proj3/TurtleBot3/install/navigation_pkg/lib/navigation_pkg
[2.011s] 
[2.011s] Installed /home/llagoeiro/Desktop/FEI/8_semestre/RoboticaProbFolder/proj3/TurtleBot3/build/navigation_pkg
[2.011s] running symlink_data
[2.064s] Invoked command in '/home/llagoeiro/Desktop/FEI/8_semestre/RoboticaProbFolder/proj3/TurtleBot3/build/navigation_pkg' returned '0': PYTHONPATH=/home/llagoeiro/Desktop/FEI/8_semestre/RoboticaProbFolder/proj3/TurtleBot3/build/navigation_pkg/prefix_override:/usr/lib/python3/dist-packages/colcon_core/task/python/colcon_distutils_commands:/home/llagoeiro/Desktop/FEI/8_semestre/RoboticaProbFolder/proj3/TurtleBot3/install/navigation_pkg/lib/python3.10/site-packages:${PYTHONPATH} /usr/bin/python3 -W ignore:setup.py install is deprecated setup.py develop --editable --build-directory /home/llagoeiro/Desktop/FEI/8_semestre/RoboticaProbFolder/proj3/TurtleBot3/build/navigation_pkg/build --no-deps symlink_data
